  main.cpp
c:\users\ringo\documents\visual studio 2015\projects\hw4\hw4\main.cpp(15): warning C4099: 'AdjListNode': type name first seen using 'class' now seen using 'struct'
  c:\users\ringo\documents\visual studio 2015\projects\hw4\hw4\main.cpp(11): note: see declaration of 'AdjListNode'
c:\users\ringo\documents\visual studio 2015\projects\hw4\hw4\main.cpp(31): warning C4099: 'AdjList': type name first seen using 'class' now seen using 'struct'
  c:\users\ringo\documents\visual studio 2015\projects\hw4\hw4\main.cpp(20): note: see declaration of 'AdjList'
c:\users\ringo\documents\visual studio 2015\projects\hw4\hw4\main.cpp(48): warning C4099: 'Graph': type name first seen using 'class' now seen using 'struct'
  c:\users\ringo\documents\visual studio 2015\projects\hw4\hw4\main.cpp(28): note: see declaration of 'Graph'
c:\users\ringo\documents\visual studio 2015\projects\hw4\hw4\main.cpp(52): warning C4099: 'AdjList': type name first seen using 'class' now seen using 'struct'
  c:\users\ringo\documents\visual studio 2015\projects\hw4\hw4\main.cpp(20): note: see declaration of 'AdjList'
c:\users\ringo\documents\visual studio 2015\projects\hw4\hw4\main.cpp(66): warning C4099: 'AdjListNode': type name first seen using 'class' now seen using 'struct'
  c:\users\ringo\documents\visual studio 2015\projects\hw4\hw4\main.cpp(11): note: see declaration of 'AdjListNode'
c:\users\ringo\documents\visual studio 2015\projects\hw4\hw4\main.cpp(91): warning C4099: 'MinHeapNode': type name first seen using 'class' now seen using 'struct'
  c:\users\ringo\documents\visual studio 2015\projects\hw4\hw4\main.cpp(78): note: see declaration of 'MinHeapNode'
c:\users\ringo\documents\visual studio 2015\projects\hw4\hw4\main.cpp(113): warning C4099: 'MinHeapNode': type name first seen using 'class' now seen using 'struct'
  c:\users\ringo\documents\visual studio 2015\projects\hw4\hw4\main.cpp(78): note: see declaration of 'MinHeapNode'
c:\users\ringo\documents\visual studio 2015\projects\hw4\hw4\main.cpp(120): warning C4099: 'MinHeapNode': type name first seen using 'class' now seen using 'struct'
  c:\users\ringo\documents\visual studio 2015\projects\hw4\hw4\main.cpp(78): note: see declaration of 'MinHeapNode'
c:\users\ringo\documents\visual studio 2015\projects\hw4\hw4\main.cpp(161): warning C4099: 'MinHeap': type name first seen using 'class' now seen using 'struct'
  c:\users\ringo\documents\visual studio 2015\projects\hw4\hw4\main.cpp(86): note: see declaration of 'MinHeap'
c:\users\ringo\documents\visual studio 2015\projects\hw4\hw4\main.cpp(216): warning C4099: 'MinHeap': type name first seen using 'class' now seen using 'struct'
  c:\users\ringo\documents\visual studio 2015\projects\hw4\hw4\main.cpp(86): note: see declaration of 'MinHeap'
c:\users\ringo\documents\visual studio 2015\projects\hw4\hw4\main.cpp(234): warning C4099: 'Graph': type name first seen using 'class' now seen using 'struct'
  c:\users\ringo\documents\visual studio 2015\projects\hw4\hw4\main.cpp(28): note: see declaration of 'Graph'
c:\users\ringo\documents\visual studio 2015\projects\hw4\hw4\main.cpp(291): warning C4099: 'Graph': type name first seen using 'class' now seen using 'struct'
  c:\users\ringo\documents\visual studio 2015\projects\hw4\hw4\main.cpp(28): note: see declaration of 'Graph'
c:\users\ringo\documents\visual studio 2015\projects\hw4\hw4\main.cpp(294): warning C4930: 'std::ofstream pdot(void)': prototyped function not called (was a variable definition intended?)
c:\users\ringo\documents\visual studio 2015\projects\hw4\hw4\main.cpp(341): warning C4101: 'sz': unreferenced local variable
  hw4.vcxproj -> C:\Users\Ringo\documents\visual studio 2015\Projects\hw4\Debug\hw4.exe
  hw4.vcxproj -> C:\Users\Ringo\documents\visual studio 2015\Projects\hw4\Debug\hw4.pdb (Full PDB)
